{"C:\\Users\\30051441\\eCommerce\\store\\src\\components\\button\\button.ts": {"path":"C:\\Users\\30051441\\eCommerce\\store\\src\\components\\button\\button.ts","statementMap":{"0":{"start":{"line":1,"column":0},"end":{"line":1,"column":47}},"1":{"start":{"line":6,"column":8},"end":{"line":6,"column":35}},"2":{"start":{"line":7,"column":8},"end":{"line":7,"column":39}},"3":{"start":{"line":8,"column":8},"end":{"line":8,"column":30}},"4":{"start":{"line":9,"column":8},"end":{"line":9,"column":56}},"5":{"start":{"line":9,"column":21},"end":{"line":9,"column":56}},"6":{"start":{"line":13,"column":0},"end":{"line":13,"column":22}}},"fnMap":{"0":{"name":"(anonymous_1)","decl":{"start":{"line":5,"column":4},"end":{"line":5,"column":16}},"loc":{"start":{"line":5,"column":88},"end":{"line":10,"column":5}}}},"branchMap":{"0":{"loc":{"start":{"line":9,"column":8},"end":{"line":9,"column":56}},"type":"if","locations":[{"start":{"line":9,"column":8},"end":{"line":9,"column":56}}]}},"s":{"0":1,"1":2,"2":2,"3":2,"4":2,"5":2,"6":1},"f":{"0":2},"b":{"0":[2]}}
,"C:\\Users\\30051441\\eCommerce\\store\\src\\components\\component\\component.ts": {"path":"C:\\Users\\30051441\\eCommerce\\store\\src\\components\\component\\component.ts","statementMap":{"0":{"start":{"line":4,"column":4},"end":{"line":4,"column":13}},"1":{"start":{"line":7,"column":8},"end":{"line":7,"column":54}},"2":{"start":{"line":8,"column":8},"end":{"line":8,"column":41}},"3":{"start":{"line":9,"column":8},"end":{"line":11,"column":9}},"4":{"start":{"line":10,"column":12},"end":{"line":10,"column":76}},"5":{"start":{"line":10,"column":40},"end":{"line":10,"column":74}},"6":{"start":{"line":15,"column":8},"end":{"line":15,"column":44}},"7":{"start":{"line":19,"column":8},"end":{"line":19,"column":47}},"8":{"start":{"line":23,"column":8},"end":{"line":23,"column":47}},"9":{"start":{"line":27,"column":8},"end":{"line":27,"column":63}},"10":{"start":{"line":31,"column":8},"end":{"line":31,"column":56}},"11":{"start":{"line":35,"column":8},"end":{"line":35,"column":38}},"12":{"start":{"line":39,"column":8},"end":{"line":39,"column":93}},"13":{"start":{"line":39,"column":48},"end":{"line":39,"column":91}},"14":{"start":{"line":43,"column":8},"end":{"line":43,"column":46}},"15":{"start":{"line":47,"column":8},"end":{"line":47,"column":72}},"16":{"start":{"line":47,"column":36},"end":{"line":47,"column":70}},"17":{"start":{"line":51,"column":8},"end":{"line":51,"column":72}},"18":{"start":{"line":55,"column":8},"end":{"line":55,"column":28}},"19":{"start":{"line":59,"column":8},"end":{"line":59,"column":26}},"20":{"start":{"line":63,"column":8},"end":{"line":63,"column":54}},"21":{"start":{"line":67,"column":8},"end":{"line":67,"column":34}},"22":{"start":{"line":71,"column":8},"end":{"line":71,"column":33}},"23":{"start":{"line":75,"column":8},"end":{"line":75,"column":34}},"24":{"start":{"line":79,"column":8},"end":{"line":79,"column":70}},"25":{"start":{"line":82,"column":0},"end":{"line":82,"column":25}}},"fnMap":{"0":{"name":"(anonymous_2)","decl":{"start":{"line":6,"column":4},"end":{"line":6,"column":16}},"loc":{"start":{"line":6,"column":72},"end":{"line":12,"column":5}}},"1":{"name":"(anonymous_3)","decl":{"start":{"line":10,"column":29},"end":{"line":10,"column":30}},"loc":{"start":{"line":10,"column":40},"end":{"line":10,"column":74}}},"2":{"name":"(anonymous_4)","decl":{"start":{"line":14,"column":4},"end":{"line":14,"column":12}},"loc":{"start":{"line":14,"column":30},"end":{"line":16,"column":5}}},"3":{"name":"(anonymous_5)","decl":{"start":{"line":18,"column":4},"end":{"line":18,"column":15}},"loc":{"start":{"line":18,"column":33},"end":{"line":20,"column":5}}},"4":{"name":"(anonymous_6)","decl":{"start":{"line":22,"column":4},"end":{"line":22,"column":15}},"loc":{"start":{"line":22,"column":33},"end":{"line":24,"column":5}}},"5":{"name":"(anonymous_7)","decl":{"start":{"line":26,"column":4},"end":{"line":26,"column":15}},"loc":{"start":{"line":26,"column":75},"end":{"line":28,"column":5}}},"6":{"name":"(anonymous_8)","decl":{"start":{"line":30,"column":4},"end":{"line":30,"column":18}},"loc":{"start":{"line":30,"column":64},"end":{"line":32,"column":5}}},"7":{"name":"(anonymous_9)","decl":{"start":{"line":34,"column":4},"end":{"line":34,"column":14}},"loc":{"start":{"line":34,"column":27},"end":{"line":36,"column":5}}},"8":{"name":"(anonymous_10)","decl":{"start":{"line":38,"column":4},"end":{"line":38,"column":17}},"loc":{"start":{"line":38,"column":35},"end":{"line":40,"column":5}}},"9":{"name":"(anonymous_11)","decl":{"start":{"line":39,"column":40},"end":{"line":39,"column":41}},"loc":{"start":{"line":39,"column":48},"end":{"line":39,"column":91}}},"10":{"name":"(anonymous_12)","decl":{"start":{"line":42,"column":4},"end":{"line":42,"column":19}},"loc":{"start":{"line":42,"column":37},"end":{"line":44,"column":5}}},"11":{"name":"(anonymous_13)","decl":{"start":{"line":46,"column":4},"end":{"line":46,"column":18}},"loc":{"start":{"line":46,"column":43},"end":{"line":48,"column":5}}},"12":{"name":"(anonymous_14)","decl":{"start":{"line":47,"column":25},"end":{"line":47,"column":26}},"loc":{"start":{"line":47,"column":36},"end":{"line":47,"column":70}}},"13":{"name":"(anonymous_15)","decl":{"start":{"line":50,"column":4},"end":{"line":50,"column":16}},"loc":{"start":{"line":50,"column":57},"end":{"line":52,"column":5}}},"14":{"name":"(anonymous_16)","decl":{"start":{"line":54,"column":4},"end":{"line":54,"column":11}},"loc":{"start":{"line":54,"column":11},"end":{"line":56,"column":5}}},"15":{"name":"(anonymous_17)","decl":{"start":{"line":58,"column":4},"end":{"line":58,"column":11}},"loc":{"start":{"line":58,"column":11},"end":{"line":60,"column":5}}},"16":{"name":"(anonymous_18)","decl":{"start":{"line":62,"column":4},"end":{"line":62,"column":12}},"loc":{"start":{"line":62,"column":44},"end":{"line":64,"column":5}}},"17":{"name":"(anonymous_19)","decl":{"start":{"line":66,"column":4},"end":{"line":66,"column":9}},"loc":{"start":{"line":66,"column":9},"end":{"line":68,"column":5}}},"18":{"name":"(anonymous_20)","decl":{"start":{"line":70,"column":4},"end":{"line":70,"column":8}},"loc":{"start":{"line":70,"column":8},"end":{"line":72,"column":5}}},"19":{"name":"(anonymous_21)","decl":{"start":{"line":74,"column":4},"end":{"line":74,"column":8}},"loc":{"start":{"line":74,"column":8},"end":{"line":76,"column":5}}},"20":{"name":"(anonymous_22)","decl":{"start":{"line":78,"column":4},"end":{"line":78,"column":10}},"loc":{"start":{"line":78,"column":55},"end":{"line":80,"column":5}}}},"branchMap":{"0":{"loc":{"start":{"line":9,"column":8},"end":{"line":11,"column":9}},"type":"if","locations":[{"start":{"line":9,"column":8},"end":{"line":11,"column":9}}]},"1":{"loc":{"start":{"line":26,"column":63},"end":{"line":26,"column":75}},"type":"default-arg","locations":[{"start":{"line":26,"column":70},"end":{"line":26,"column":75}}]}},"s":{"0":58,"1":58,"2":58,"3":58,"4":58,"5":6,"6":0,"7":0,"8":0,"9":8,"10":0,"11":36,"12":40,"13":66,"14":0,"15":14,"16":51,"17":0,"18":0,"19":69,"20":0,"21":0,"22":0,"23":0,"24":0,"25":1},"f":{"0":58,"1":6,"2":0,"3":0,"4":0,"5":8,"6":0,"7":36,"8":40,"9":66,"10":0,"11":14,"12":51,"13":0,"14":0,"15":69,"16":0,"17":0,"18":0,"19":0,"20":0},"b":{"0":[58],"1":[8]}}
,"C:\\Users\\30051441\\eCommerce\\store\\src\\components\\event\\goPage.ts": {"path":"C:\\Users\\30051441\\eCommerce\\store\\src\\components\\event\\goPage.ts","statementMap":{"0":{"start":{"line":1,"column":0},"end":{"line":1,"column":41}},"1":{"start":{"line":7,"column":20},"end":{"line":7,"column":52}},"2":{"start":{"line":8,"column":22},"end":{"line":8,"column":58}},"3":{"start":{"line":9,"column":4},"end":{"line":14,"column":5}},"4":{"start":{"line":10,"column":8},"end":{"line":12,"column":9}},"5":{"start":{"line":11,"column":12},"end":{"line":11,"column":37}},"6":{"start":{"line":13,"column":8},"end":{"line":13,"column":53}},"7":{"start":{"line":15,"column":4},"end":{"line":21,"column":5}},"8":{"start":{"line":16,"column":21},"end":{"line":16,"column":51}},"9":{"start":{"line":17,"column":8},"end":{"line":19,"column":9}},"10":{"start":{"line":18,"column":12},"end":{"line":18,"column":32}},"11":{"start":{"line":20,"column":8},"end":{"line":20,"column":48}},"12":{"start":{"line":6,"column":0},"end":{"line":6,"column":16}}},"fnMap":{"0":{"name":"goPage","decl":{"start":{"line":6,"column":16},"end":{"line":6,"column":22}},"loc":{"start":{"line":6,"column":62},"end":{"line":22,"column":1}}}},"branchMap":{"0":{"loc":{"start":{"line":6,"column":45},"end":{"line":6,"column":62}},"type":"default-arg","locations":[{"start":{"line":6,"column":56},"end":{"line":6,"column":62}}]},"1":{"loc":{"start":{"line":8,"column":22},"end":{"line":8,"column":58}},"type":"cond-expr","locations":[{"start":{"line":8,"column":29},"end":{"line":8,"column":31}},{"start":{"line":8,"column":22},"end":{"line":8,"column":58}}]},"2":{"loc":{"start":{"line":8,"column":22},"end":{"line":8,"column":31}},"type":"binary-expr","locations":[{"start":{"line":8,"column":22},"end":{"line":8,"column":31}},{"start":{"line":8,"column":22},"end":{"line":8,"column":31}}]},"3":{"loc":{"start":{"line":9,"column":4},"end":{"line":14,"column":5}},"type":"if","locations":[{"start":{"line":9,"column":4},"end":{"line":14,"column":5}}]},"4":{"loc":{"start":{"line":10,"column":8},"end":{"line":12,"column":9}},"type":"if","locations":[{"start":{"line":10,"column":8},"end":{"line":12,"column":9}}]},"5":{"loc":{"start":{"line":13,"column":8},"end":{"line":13,"column":52}},"type":"cond-expr","locations":[{"start":{"line":13,"column":17},"end":{"line":13,"column":19}},{"start":{"line":13,"column":8},"end":{"line":13,"column":52}}]},"6":{"loc":{"start":{"line":13,"column":8},"end":{"line":13,"column":19}},"type":"binary-expr","locations":[{"start":{"line":13,"column":8},"end":{"line":13,"column":19}},{"start":{"line":13,"column":8},"end":{"line":13,"column":19}}]},"7":{"loc":{"start":{"line":15,"column":4},"end":{"line":21,"column":5}},"type":"if","locations":[{"start":{"line":15,"column":4},"end":{"line":21,"column":5}}]},"8":{"loc":{"start":{"line":17,"column":8},"end":{"line":19,"column":9}},"type":"if","locations":[{"start":{"line":17,"column":8},"end":{"line":19,"column":9}}]},"9":{"loc":{"start":{"line":20,"column":8},"end":{"line":20,"column":47}},"type":"cond-expr","locations":[{"start":{"line":20,"column":12},"end":{"line":20,"column":14}},{"start":{"line":20,"column":8},"end":{"line":20,"column":47}}]},"10":{"loc":{"start":{"line":20,"column":8},"end":{"line":20,"column":14}},"type":"binary-expr","locations":[{"start":{"line":20,"column":8},"end":{"line":20,"column":14}},{"start":{"line":20,"column":8},"end":{"line":20,"column":14}}]}},"s":{"0":1,"1":0,"2":0,"3":0,"4":0,"5":0,"6":0,"7":0,"8":0,"9":0,"10":0,"11":0,"12":1},"f":{"0":0},"b":{"0":[0],"1":[0,0],"2":[0,0],"3":[0],"4":[0],"5":[0,0],"6":[0,0],"7":[0],"8":[0],"9":[0,0],"10":[0,0]}}
,"C:\\Users\\30051441\\eCommerce\\store\\src\\components\\event\\locationResolver.ts": {"path":"C:\\Users\\30051441\\eCommerce\\store\\src\\components\\event\\locationResolver.ts","statementMap":{"0":{"start":{"line":1,"column":0},"end":{"line":1,"column":55}},"1":{"start":{"line":2,"column":0},"end":{"line":2,"column":71}},"2":{"start":{"line":3,"column":0},"end":{"line":3,"column":41}},"3":{"start":{"line":4,"column":0},"end":{"line":4,"column":50}},"4":{"start":{"line":5,"column":0},"end":{"line":5,"column":53}},"5":{"start":{"line":6,"column":0},"end":{"line":6,"column":47}},"6":{"start":{"line":7,"column":0},"end":{"line":7,"column":65}},"7":{"start":{"line":8,"column":0},"end":{"line":8,"column":62}},"8":{"start":{"line":9,"column":0},"end":{"line":9,"column":74}},"9":{"start":{"line":10,"column":0},"end":{"line":10,"column":65}},"10":{"start":{"line":11,"column":0},"end":{"line":11,"column":44}},"11":{"start":{"line":12,"column":0},"end":{"line":12,"column":42}},"12":{"start":{"line":15,"column":4},"end":{"line":54,"column":5}},"13":{"start":{"line":17,"column":12},"end":{"line":17,"column":33}},"14":{"start":{"line":18,"column":12},"end":{"line":18,"column":18}},"15":{"start":{"line":21,"column":12},"end":{"line":21,"column":35}},"16":{"start":{"line":22,"column":12},"end":{"line":22,"column":18}},"17":{"start":{"line":25,"column":12},"end":{"line":25,"column":28}},"18":{"start":{"line":26,"column":12},"end":{"line":26,"column":18}},"19":{"start":{"line":29,"column":12},"end":{"line":29,"column":27}},"20":{"start":{"line":30,"column":12},"end":{"line":30,"column":18}},"21":{"start":{"line":33,"column":12},"end":{"line":37,"column":13}},"22":{"start":{"line":34,"column":16},"end":{"line":34,"column":37}},"23":{"start":{"line":36,"column":16},"end":{"line":36,"column":30}},"24":{"start":{"line":38,"column":12},"end":{"line":38,"column":18}},"25":{"start":{"line":41,"column":12},"end":{"line":41,"column":33}},"26":{"start":{"line":42,"column":12},"end":{"line":42,"column":18}},"27":{"start":{"line":45,"column":12},"end":{"line":45,"column":32}},"28":{"start":{"line":46,"column":12},"end":{"line":46,"column":18}},"29":{"start":{"line":49,"column":12},"end":{"line":49,"column":36}},"30":{"start":{"line":50,"column":12},"end":{"line":50,"column":18}},"31":{"start":{"line":52,"column":12},"end":{"line":52,"column":29}},"32":{"start":{"line":53,"column":12},"end":{"line":53,"column":18}},"33":{"start":{"line":56,"column":4},"end":{"line":56,"column":48}},"34":{"start":{"line":56,"column":15},"end":{"line":56,"column":48}},"35":{"start":{"line":57,"column":4},"end":{"line":57,"column":17}},"36":{"start":{"line":14,"column":0},"end":{"line":14,"column":16}},"37":{"start":{"line":62,"column":8},"end":{"line":62,"column":46}},"38":{"start":{"line":67,"column":4},"end":{"line":67,"column":54}},"39":{"start":{"line":70,"column":0},"end":{"line":70,"column":34}}},"fnMap":{"0":{"name":"locationResolver","decl":{"start":{"line":14,"column":16},"end":{"line":14,"column":32}},"loc":{"start":{"line":14,"column":72},"end":{"line":58,"column":1}}},"1":{"name":"(anonymous_2)","decl":{"start":{"line":61,"column":4},"end":{"line":61,"column":13}},"loc":{"start":{"line":61,"column":25},"end":{"line":63,"column":5}}},"2":{"name":"handleRouting","decl":{"start":{"line":66,"column":9},"end":{"line":66,"column":22}},"loc":{"start":{"line":66,"column":22},"end":{"line":68,"column":1}}}},"branchMap":{"0":{"loc":{"start":{"line":14,"column":51},"end":{"line":14,"column":72}},"type":"default-arg","locations":[{"start":{"line":14,"column":68},"end":{"line":14,"column":72}}]},"1":{"loc":{"start":{"line":15,"column":4},"end":{"line":54,"column":5}},"type":"switch","locations":[{"start":{"line":16,"column":8},"end":{"line":18,"column":18}},{"start":{"line":20,"column":8},"end":{"line":22,"column":18}},{"start":{"line":24,"column":8},"end":{"line":26,"column":18}},{"start":{"line":28,"column":8},"end":{"line":30,"column":18}},{"start":{"line":32,"column":8},"end":{"line":38,"column":18}},{"start":{"line":40,"column":8},"end":{"line":42,"column":18}},{"start":{"line":44,"column":8},"end":{"line":46,"column":18}},{"start":{"line":48,"column":8},"end":{"line":50,"column":18}},{"start":{"line":51,"column":8},"end":{"line":53,"column":18}}]},"2":{"loc":{"start":{"line":33,"column":12},"end":{"line":37,"column":13}},"type":"if","locations":[{"start":{"line":33,"column":12},"end":{"line":37,"column":13}},{"start":{"line":35,"column":19},"end":{"line":37,"column":13}}]},"3":{"loc":{"start":{"line":56,"column":4},"end":{"line":56,"column":48}},"type":"if","locations":[{"start":{"line":56,"column":4},"end":{"line":56,"column":48}}]}},"s":{"0":1,"1":1,"2":1,"3":1,"4":1,"5":1,"6":1,"7":1,"8":1,"9":1,"10":1,"11":1,"12":0,"13":0,"14":0,"15":0,"16":0,"17":0,"18":0,"19":0,"20":0,"21":0,"22":0,"23":0,"24":0,"25":0,"26":0,"27":0,"28":0,"29":0,"30":0,"31":0,"32":0,"33":0,"34":0,"35":0,"36":1,"37":0,"38":0,"39":1},"f":{"0":0,"1":0,"2":0},"b":{"0":[0],"1":[0,0,0,0,0,0,0,0,0],"2":[0,0],"3":[0]}}
,"C:\\Users\\30051441\\eCommerce\\store\\src\\components\\event\\updatePage.ts": {"path":"C:\\Users\\30051441\\eCommerce\\store\\src\\components\\event\\updatePage.ts","statementMap":{"0":{"start":{"line":1,"column":0},"end":{"line":1,"column":65}},"1":{"start":{"line":3,"column":17},"end":{"line":3,"column":44}},"2":{"start":{"line":4,"column":4},"end":{"line":14,"column":5}},"3":{"start":{"line":5,"column":9},"end":{"line":5,"column":88}},"4":{"start":{"line":6,"column":9},"end":{"line":6,"column":95}},"5":{"start":{"line":7,"column":9},"end":{"line":7,"column":90}},"6":{"start":{"line":8,"column":9},"end":{"line":8,"column":91}},"7":{"start":{"line":10,"column":9},"end":{"line":10,"column":89}},"8":{"start":{"line":11,"column":9},"end":{"line":11,"column":96}},"9":{"start":{"line":12,"column":9},"end":{"line":12,"column":89}},"10":{"start":{"line":13,"column":9},"end":{"line":13,"column":90}},"11":{"start":{"line":2,"column":0},"end":{"line":2,"column":16}}},"fnMap":{"0":{"name":"updatePage","decl":{"start":{"line":2,"column":16},"end":{"line":2,"column":26}},"loc":{"start":{"line":2,"column":26},"end":{"line":15,"column":1}}}},"branchMap":{"0":{"loc":{"start":{"line":4,"column":4},"end":{"line":14,"column":5}},"type":"if","locations":[{"start":{"line":4,"column":4},"end":{"line":14,"column":5}},{"start":{"line":9,"column":11},"end":{"line":14,"column":5}}]},"1":{"loc":{"start":{"line":4,"column":8},"end":{"line":4,"column":27}},"type":"binary-expr","locations":[{"start":{"line":4,"column":8},"end":{"line":4,"column":12}},{"start":{"line":4,"column":16},"end":{"line":4,"column":27}}]}},"s":{"0":1,"1":0,"2":0,"3":0,"4":0,"5":0,"6":0,"7":0,"8":0,"9":0,"10":0,"11":1},"f":{"0":0},"b":{"0":[0,0],"1":[0,0]}}
,"C:\\Users\\30051441\\eCommerce\\store\\src\\components\\footer\\footer.ts": {"path":"C:\\Users\\30051441\\eCommerce\\store\\src\\components\\footer\\footer.ts","statementMap":{"0":{"start":{"line":1,"column":0},"end":{"line":1,"column":61}},"1":{"start":{"line":2,"column":0},"end":{"line":2,"column":55}},"2":{"start":{"line":6,"column":8},"end":{"line":6,"column":34}},"3":{"start":{"line":7,"column":8},"end":{"line":16,"column":10}},"4":{"start":{"line":20,"column":0},"end":{"line":20,"column":22}}},"fnMap":{"0":{"name":"(anonymous_1)","decl":{"start":{"line":5,"column":4},"end":{"line":5,"column":null}},"loc":{"start":{"line":5,"column":4},"end":{"line":17,"column":5}}}},"branchMap":{},"s":{"0":1,"1":1,"2":0,"3":0,"4":1},"f":{"0":0},"b":{}}
,"C:\\Users\\30051441\\eCommerce\\store\\src\\components\\form\\form.ts": {"path":"C:\\Users\\30051441\\eCommerce\\store\\src\\components\\form\\form.ts","statementMap":{"0":{"start":{"line":1,"column":0},"end":{"line":1,"column":47}},"1":{"start":{"line":5,"column":8},"end":{"line":5,"column":33}},"2":{"start":{"line":9,"column":24},"end":{"line":9,"column":54}},"3":{"start":{"line":10,"column":8},"end":{"line":10,"column":110}},"4":{"start":{"line":10,"column":89},"end":{"line":10,"column":110}},"5":{"start":{"line":11,"column":8},"end":{"line":11,"column":18}},"6":{"start":{"line":15,"column":24},"end":{"line":15,"column":54}},"7":{"start":{"line":16,"column":8},"end":{"line":16,"column":111}},"8":{"start":{"line":16,"column":89},"end":{"line":16,"column":111}},"9":{"start":{"line":20,"column":0},"end":{"line":20,"column":20}}},"fnMap":{"0":{"name":"(anonymous_1)","decl":{"start":{"line":4,"column":4},"end":{"line":4,"column":16}},"loc":{"start":{"line":4,"column":33},"end":{"line":6,"column":5}}},"1":{"name":"(anonymous_2)","decl":{"start":{"line":8,"column":4},"end":{"line":8,"column":19}},"loc":{"start":{"line":8,"column":33},"end":{"line":12,"column":5}}},"2":{"name":"(anonymous_3)","decl":{"start":{"line":14,"column":4},"end":{"line":14,"column":19}},"loc":{"start":{"line":14,"column":48},"end":{"line":17,"column":5}}}},"branchMap":{"0":{"loc":{"start":{"line":10,"column":8},"end":{"line":10,"column":110}},"type":"if","locations":[{"start":{"line":10,"column":8},"end":{"line":10,"column":110}}]},"1":{"loc":{"start":{"line":10,"column":12},"end":{"line":10,"column":87}},"type":"binary-expr","locations":[{"start":{"line":10,"column":12},"end":{"line":10,"column":47}},{"start":{"line":10,"column":51},"end":{"line":10,"column":87}}]},"2":{"loc":{"start":{"line":16,"column":8},"end":{"line":16,"column":111}},"type":"if","locations":[{"start":{"line":16,"column":8},"end":{"line":16,"column":111}}]},"3":{"loc":{"start":{"line":16,"column":12},"end":{"line":16,"column":87}},"type":"binary-expr","locations":[{"start":{"line":16,"column":12},"end":{"line":16,"column":47}},{"start":{"line":16,"column":51},"end":{"line":16,"column":87}}]}},"s":{"0":1,"1":1,"2":0,"3":0,"4":0,"5":0,"6":0,"7":0,"8":0,"9":1},"f":{"0":1,"1":0,"2":0},"b":{"0":[0],"1":[0,0],"2":[0],"3":[0,0]}}
,"C:\\Users\\30051441\\eCommerce\\store\\src\\components\\header\\header.ts": {"path":"C:\\Users\\30051441\\eCommerce\\store\\src\\components\\header\\header.ts","statementMap":{"0":{"start":{"line":1,"column":0},"end":{"line":1,"column":61}},"1":{"start":{"line":2,"column":0},"end":{"line":2,"column":49}},"2":{"start":{"line":3,"column":0},"end":{"line":3,"column":52}},"3":{"start":{"line":4,"column":0},"end":{"line":4,"column":49}},"4":{"start":{"line":5,"column":0},"end":{"line":5,"column":75}},"5":{"start":{"line":9,"column":8},"end":{"line":9,"column":34}},"6":{"start":{"line":10,"column":22},"end":{"line":10,"column":112}},"7":{"start":{"line":10,"column":90},"end":{"line":10,"column":111}},"8":{"start":{"line":11,"column":8},"end":{"line":11,"column":42}},"9":{"start":{"line":12,"column":8},"end":{"line":45,"column":10}},"10":{"start":{"line":18,"column":89},"end":{"line":18,"column":114}},"11":{"start":{"line":23,"column":30},"end":{"line":23,"column":63}},"12":{"start":{"line":26,"column":24},"end":{"line":26,"column":50}},"13":{"start":{"line":30,"column":24},"end":{"line":30,"column":52}},"14":{"start":{"line":38,"column":92},"end":{"line":38,"column":113}},"15":{"start":{"line":40,"column":24},"end":{"line":40,"column":52}},"16":{"start":{"line":42,"column":91},"end":{"line":42,"column":117}},"17":{"start":{"line":49,"column":0},"end":{"line":49,"column":22}},"18":{"start":{"line":52,"column":18},"end":{"line":52,"column":29}},"19":{"start":{"line":53,"column":4},"end":{"line":53,"column":17}}},"fnMap":{"0":{"name":"(anonymous_1)","decl":{"start":{"line":8,"column":4},"end":{"line":8,"column":null}},"loc":{"start":{"line":8,"column":4},"end":{"line":46,"column":5}}},"1":{"name":"(anonymous_2)","decl":{"start":{"line":10,"column":84},"end":{"line":10,"column":87}},"loc":{"start":{"line":10,"column":90},"end":{"line":10,"column":111}}},"2":{"name":"(anonymous_3)","decl":{"start":{"line":18,"column":83},"end":{"line":18,"column":86}},"loc":{"start":{"line":18,"column":89},"end":{"line":18,"column":114}}},"3":{"name":"(anonymous_4)","decl":{"start":{"line":23,"column":24},"end":{"line":23,"column":27}},"loc":{"start":{"line":23,"column":30},"end":{"line":23,"column":63}}},"4":{"name":"(anonymous_5)","decl":{"start":{"line":25,"column":105},"end":{"line":25,"column":108}},"loc":{"start":{"line":26,"column":24},"end":{"line":26,"column":50}}},"5":{"name":"(anonymous_6)","decl":{"start":{"line":29,"column":109},"end":{"line":29,"column":112}},"loc":{"start":{"line":30,"column":24},"end":{"line":30,"column":52}}},"6":{"name":"(anonymous_7)","decl":{"start":{"line":38,"column":86},"end":{"line":38,"column":89}},"loc":{"start":{"line":38,"column":92},"end":{"line":38,"column":113}}},"7":{"name":"(anonymous_8)","decl":{"start":{"line":39,"column":92},"end":{"line":39,"column":95}},"loc":{"start":{"line":40,"column":24},"end":{"line":40,"column":52}}},"8":{"name":"(anonymous_9)","decl":{"start":{"line":42,"column":85},"end":{"line":42,"column":88}},"loc":{"start":{"line":42,"column":91},"end":{"line":42,"column":117}}},"9":{"name":"openModal","decl":{"start":{"line":51,"column":9},"end":{"line":51,"column":18}},"loc":{"start":{"line":51,"column":18},"end":{"line":54,"column":1}}}},"branchMap":{},"s":{"0":1,"1":1,"2":1,"3":1,"4":1,"5":0,"6":0,"7":0,"8":0,"9":0,"10":0,"11":0,"12":0,"13":0,"14":0,"15":0,"16":0,"17":1,"18":0,"19":0},"f":{"0":0,"1":0,"2":0,"3":0,"4":0,"5":0,"6":0,"7":0,"8":0,"9":0},"b":{}}
,"C:\\Users\\30051441\\eCommerce\\store\\src\\components\\input\\input.ts": {"path":"C:\\Users\\30051441\\eCommerce\\store\\src\\components\\input\\input.ts","statementMap":{"0":{"start":{"line":1,"column":0},"end":{"line":1,"column":47}},"1":{"start":{"line":6,"column":8},"end":{"line":6,"column":34}},"2":{"start":{"line":7,"column":8},"end":{"line":7,"column":39}},"3":{"start":{"line":8,"column":8},"end":{"line":8,"column":53}},"4":{"start":{"line":8,"column":22},"end":{"line":8,"column":53}},"5":{"start":{"line":9,"column":8},"end":{"line":9,"column":58}},"6":{"start":{"line":9,"column":22},"end":{"line":9,"column":58}},"7":{"start":{"line":13,"column":8},"end":{"line":13,"column":36}},"8":{"start":{"line":17,"column":8},"end":{"line":17,"column":39}},"9":{"start":{"line":21,"column":8},"end":{"line":21,"column":40}},"10":{"start":{"line":25,"column":0},"end":{"line":25,"column":21}}},"fnMap":{"0":{"name":"(anonymous_1)","decl":{"start":{"line":5,"column":4},"end":{"line":5,"column":16}},"loc":{"start":{"line":5,"column":94},"end":{"line":10,"column":5}}},"1":{"name":"(anonymous_2)","decl":{"start":{"line":12,"column":4},"end":{"line":12,"column":12}},"loc":{"start":{"line":12,"column":12},"end":{"line":14,"column":5}}},"2":{"name":"(anonymous_3)","decl":{"start":{"line":16,"column":4},"end":{"line":16,"column":15}},"loc":{"start":{"line":16,"column":15},"end":{"line":18,"column":5}}},"3":{"name":"(anonymous_4)","decl":{"start":{"line":20,"column":4},"end":{"line":20,"column":18}},"loc":{"start":{"line":20,"column":18},"end":{"line":22,"column":5}}}},"branchMap":{"0":{"loc":{"start":{"line":8,"column":8},"end":{"line":8,"column":53}},"type":"if","locations":[{"start":{"line":8,"column":8},"end":{"line":8,"column":53}}]},"1":{"loc":{"start":{"line":9,"column":8},"end":{"line":9,"column":58}},"type":"if","locations":[{"start":{"line":9,"column":8},"end":{"line":9,"column":58}}]}},"s":{"0":1,"1":14,"2":14,"3":14,"4":11,"5":14,"6":2,"7":0,"8":0,"9":0,"10":1},"f":{"0":14,"1":0,"2":0,"3":0},"b":{"0":[11],"1":[2]}}
,"C:\\Users\\30051441\\eCommerce\\store\\src\\components\\label\\label.ts": {"path":"C:\\Users\\30051441\\eCommerce\\store\\src\\components\\label\\label.ts","statementMap":{"0":{"start":{"line":1,"column":0},"end":{"line":1,"column":47}},"1":{"start":{"line":6,"column":8},"end":{"line":6,"column":34}},"2":{"start":{"line":7,"column":8},"end":{"line":7,"column":39}},"3":{"start":{"line":8,"column":8},"end":{"line":8,"column":30}},"4":{"start":{"line":12,"column":0},"end":{"line":12,"column":21}}},"fnMap":{"0":{"name":"(anonymous_1)","decl":{"start":{"line":5,"column":4},"end":{"line":5,"column":16}},"loc":{"start":{"line":5,"column":66},"end":{"line":9,"column":5}}}},"branchMap":{},"s":{"0":1,"1":16,"2":16,"3":16,"4":1},"f":{"0":16},"b":{}}
,"C:\\Users\\30051441\\eCommerce\\store\\src\\components\\modal\\modal.ts": {"path":"C:\\Users\\30051441\\eCommerce\\store\\src\\components\\modal\\modal.ts","statementMap":{"0":{"start":{"line":1,"column":0},"end":{"line":1,"column":65}},"1":{"start":{"line":2,"column":0},"end":{"line":2,"column":63}},"2":{"start":{"line":3,"column":0},"end":{"line":3,"column":49}},"3":{"start":{"line":4,"column":0},"end":{"line":4,"column":47}},"4":{"start":{"line":10,"column":8},"end":{"line":10,"column":63}},"5":{"start":{"line":11,"column":22},"end":{"line":11,"column":75}},"6":{"start":{"line":12,"column":24},"end":{"line":12,"column":117}},"7":{"start":{"line":13,"column":28},"end":{"line":13,"column":82}},"8":{"start":{"line":14,"column":8},"end":{"line":14,"column":45}},"9":{"start":{"line":15,"column":25},"end":{"line":15,"column":76}},"10":{"start":{"line":16,"column":8},"end":{"line":16,"column":43}},"11":{"start":{"line":18,"column":24},"end":{"line":18,"column":67}},"12":{"start":{"line":19,"column":27},"end":{"line":19,"column":74}},"13":{"start":{"line":21,"column":8},"end":{"line":21,"column":35}},"14":{"start":{"line":22,"column":8},"end":{"line":22,"column":37}},"15":{"start":{"line":23,"column":8},"end":{"line":23,"column":44}},"16":{"start":{"line":24,"column":8},"end":{"line":24,"column":41}},"17":{"start":{"line":25,"column":8},"end":{"line":25,"column":40}},"18":{"start":{"line":26,"column":8},"end":{"line":26,"column":47}},"19":{"start":{"line":28,"column":8},"end":{"line":28,"column":53}},"20":{"start":{"line":30,"column":8},"end":{"line":36,"column":11}},"21":{"start":{"line":31,"column":12},"end":{"line":35,"column":13}},"22":{"start":{"line":32,"column":16},"end":{"line":32,"column":29}},"23":{"start":{"line":33,"column":19},"end":{"line":35,"column":13}},"24":{"start":{"line":34,"column":16},"end":{"line":34,"column":30}},"25":{"start":{"line":40,"column":24},"end":{"line":40,"column":55}},"26":{"start":{"line":41,"column":8},"end":{"line":41,"column":56}},"27":{"start":{"line":41,"column":23},"end":{"line":41,"column":56}},"28":{"start":{"line":42,"column":8},"end":{"line":42,"column":59}},"29":{"start":{"line":42,"column":25},"end":{"line":42,"column":59}},"30":{"start":{"line":43,"column":8},"end":{"line":43,"column":23}},"31":{"start":{"line":47,"column":8},"end":{"line":47,"column":50}},"32":{"start":{"line":51,"column":8},"end":{"line":51,"column":49}},"33":{"start":{"line":52,"column":8},"end":{"line":52,"column":29}},"34":{"start":{"line":56,"column":8},"end":{"line":56,"column":49}},"35":{"start":{"line":57,"column":27},"end":{"line":57,"column":54}},"36":{"start":{"line":58,"column":8},"end":{"line":58,"column":62}},"37":{"start":{"line":59,"column":8},"end":{"line":59,"column":41}},"38":{"start":{"line":60,"column":8},"end":{"line":60,"column":48}},"39":{"start":{"line":61,"column":8},"end":{"line":61,"column":21}},"40":{"start":{"line":65,"column":0},"end":{"line":65,"column":21}}},"fnMap":{"0":{"name":"(anonymous_1)","decl":{"start":{"line":9,"column":4},"end":{"line":9,"column":null}},"loc":{"start":{"line":9,"column":4},"end":{"line":37,"column":5}}},"1":{"name":"(anonymous_2)","decl":{"start":{"line":30,"column":52},"end":{"line":30,"column":53}},"loc":{"start":{"line":30,"column":62},"end":{"line":36,"column":9}}},"2":{"name":"(anonymous_3)","decl":{"start":{"line":39,"column":12},"end":{"line":39,"column":25}},"loc":{"start":{"line":39,"column":75},"end":{"line":44,"column":5}}},"3":{"name":"(anonymous_4)","decl":{"start":{"line":46,"column":4},"end":{"line":46,"column":8}},"loc":{"start":{"line":46,"column":8},"end":{"line":48,"column":5}}},"4":{"name":"(anonymous_5)","decl":{"start":{"line":50,"column":4},"end":{"line":50,"column":9}},"loc":{"start":{"line":50,"column":9},"end":{"line":53,"column":5}}},"5":{"name":"(anonymous_6)","decl":{"start":{"line":55,"column":4},"end":{"line":55,"column":10}},"loc":{"start":{"line":55,"column":10},"end":{"line":62,"column":5}}}},"branchMap":{"0":{"loc":{"start":{"line":31,"column":12},"end":{"line":35,"column":13}},"type":"if","locations":[{"start":{"line":31,"column":12},"end":{"line":35,"column":13}},{"start":{"line":33,"column":19},"end":{"line":35,"column":13}}]},"1":{"loc":{"start":{"line":31,"column":16},"end":{"line":31,"column":109}},"type":"binary-expr","locations":[{"start":{"line":31,"column":16},"end":{"line":31,"column":49}},{"start":{"line":31,"column":54},"end":{"line":31,"column":109}}]},"2":{"loc":{"start":{"line":33,"column":19},"end":{"line":35,"column":13}},"type":"if","locations":[{"start":{"line":33,"column":19},"end":{"line":35,"column":13}}]},"3":{"loc":{"start":{"line":33,"column":23},"end":{"line":33,"column":117}},"type":"binary-expr","locations":[{"start":{"line":33,"column":23},"end":{"line":33,"column":56}},{"start":{"line":33,"column":61},"end":{"line":33,"column":117}}]},"4":{"loc":{"start":{"line":39,"column":43},"end":{"line":39,"column":57}},"type":"default-arg","locations":[{"start":{"line":39,"column":55},"end":{"line":39,"column":57}}]},"5":{"loc":{"start":{"line":39,"column":59},"end":{"line":39,"column":75}},"type":"default-arg","locations":[{"start":{"line":39,"column":73},"end":{"line":39,"column":75}}]},"6":{"loc":{"start":{"line":41,"column":8},"end":{"line":41,"column":56}},"type":"if","locations":[{"start":{"line":41,"column":8},"end":{"line":41,"column":56}}]},"7":{"loc":{"start":{"line":42,"column":8},"end":{"line":42,"column":59}},"type":"if","locations":[{"start":{"line":42,"column":8},"end":{"line":42,"column":59}}]}},"s":{"0":1,"1":1,"2":1,"3":1,"4":0,"5":0,"6":0,"7":0,"8":0,"9":0,"10":0,"11":0,"12":0,"13":0,"14":0,"15":0,"16":0,"17":0,"18":0,"19":0,"20":0,"21":0,"22":0,"23":0,"24":0,"25":0,"26":0,"27":0,"28":0,"29":0,"30":0,"31":0,"32":0,"33":0,"34":0,"35":0,"36":0,"37":0,"38":0,"39":0,"40":1},"f":{"0":0,"1":0,"2":0,"3":0,"4":0,"5":0},"b":{"0":[0,0],"1":[0,0],"2":[0],"3":[0,0],"4":[0],"5":[0],"6":[0],"7":[0]}}
,"C:\\Users\\30051441\\eCommerce\\store\\src\\components\\modalError\\modal.ts": {"path":"C:\\Users\\30051441\\eCommerce\\store\\src\\components\\modalError\\modal.ts","statementMap":{"0":{"start":{"line":1,"column":0},"end":{"line":1,"column":47}},"1":{"start":{"line":2,"column":0},"end":{"line":2,"column":38}},"2":{"start":{"line":3,"column":0},"end":{"line":3,"column":38}},"3":{"start":{"line":4,"column":0},"end":{"line":4,"column":21}},"4":{"start":{"line":8,"column":8},"end":{"line":8,"column":36}},"5":{"start":{"line":9,"column":8},"end":{"line":16,"column":10}},"6":{"start":{"line":14,"column":76},"end":{"line":14,"column":90}},"7":{"start":{"line":20,"column":0},"end":{"line":20,"column":21}}},"fnMap":{"0":{"name":"(anonymous_1)","decl":{"start":{"line":7,"column":4},"end":{"line":7,"column":16}},"loc":{"start":{"line":7,"column":31},"end":{"line":17,"column":5}}},"1":{"name":"(anonymous_2)","decl":{"start":{"line":14,"column":70},"end":{"line":14,"column":73}},"loc":{"start":{"line":14,"column":76},"end":{"line":14,"column":90}}}},"branchMap":{},"s":{"0":1,"1":1,"2":1,"3":1,"4":0,"5":0,"6":0,"7":1},"f":{"0":0,"1":0},"b":{}}
,"C:\\Users\\30051441\\eCommerce\\store\\src\\components\\select\\select.ts": {"path":"C:\\Users\\30051441\\eCommerce\\store\\src\\components\\select\\select.ts","statementMap":{"0":{"start":{"line":1,"column":0},"end":{"line":1,"column":47}},"1":{"start":{"line":2,"column":0},"end":{"line":2,"column":38}},"2":{"start":{"line":6,"column":8},"end":{"line":6,"column":35}},"3":{"start":{"line":7,"column":8},"end":{"line":7,"column":37}},"4":{"start":{"line":8,"column":8},"end":{"line":10,"column":11}},"5":{"start":{"line":9,"column":12},"end":{"line":9,"column":48}},"6":{"start":{"line":11,"column":8},"end":{"line":11,"column":45}},"7":{"start":{"line":15,"column":8},"end":{"line":15,"column":36}},"8":{"start":{"line":19,"column":8},"end":{"line":19,"column":39}},"9":{"start":{"line":23,"column":8},"end":{"line":23,"column":40}},"10":{"start":{"line":27,"column":0},"end":{"line":27,"column":22}}},"fnMap":{"0":{"name":"(anonymous_1)","decl":{"start":{"line":5,"column":4},"end":{"line":5,"column":16}},"loc":{"start":{"line":5,"column":88},"end":{"line":12,"column":5}}},"1":{"name":"(anonymous_2)","decl":{"start":{"line":8,"column":24},"end":{"line":8,"column":25}},"loc":{"start":{"line":8,"column":31},"end":{"line":10,"column":9}}},"2":{"name":"(anonymous_3)","decl":{"start":{"line":14,"column":4},"end":{"line":14,"column":12}},"loc":{"start":{"line":14,"column":12},"end":{"line":16,"column":5}}},"3":{"name":"(anonymous_4)","decl":{"start":{"line":18,"column":4},"end":{"line":18,"column":16}},"loc":{"start":{"line":18,"column":16},"end":{"line":20,"column":5}}},"4":{"name":"(anonymous_5)","decl":{"start":{"line":22,"column":4},"end":{"line":22,"column":14}},"loc":{"start":{"line":22,"column":14},"end":{"line":24,"column":5}}}},"branchMap":{},"s":{"0":1,"1":1,"2":2,"3":2,"4":2,"5":4,"6":2,"7":0,"8":0,"9":0,"10":1},"f":{"0":2,"1":4,"2":0,"3":0,"4":0},"b":{}}
,"C:\\Users\\30051441\\eCommerce\\store\\src\\components\\tags\\tags.ts": {"path":"C:\\Users\\30051441\\eCommerce\\store\\src\\components\\tags\\tags.ts","statementMap":{"0":{"start":{"line":1,"column":0},"end":{"line":1,"column":47}},"1":{"start":{"line":3,"column":19},"end":{"line":3,"column":112}},"2":{"start":{"line":3,"column":68},"end":{"line":3,"column":112}},"3":{"start":{"line":3,"column":13},"end":{"line":3,"column":19}},"4":{"start":{"line":5,"column":17},"end":{"line":9,"column":1}},"5":{"start":{"line":6,"column":20},"end":{"line":6,"column":62}},"6":{"start":{"line":7,"column":4},"end":{"line":7,"column":29}},"7":{"start":{"line":8,"column":4},"end":{"line":8,"column":19}},"8":{"start":{"line":5,"column":13},"end":{"line":5,"column":17}},"9":{"start":{"line":11,"column":20},"end":{"line":15,"column":1}},"10":{"start":{"line":12,"column":20},"end":{"line":12,"column":65}},"11":{"start":{"line":13,"column":4},"end":{"line":13,"column":29}},"12":{"start":{"line":14,"column":4},"end":{"line":14,"column":19}},"13":{"start":{"line":11,"column":13},"end":{"line":11,"column":20}},"14":{"start":{"line":17,"column":22},"end":{"line":22,"column":1}},"15":{"start":{"line":18,"column":20},"end":{"line":18,"column":54}},"16":{"start":{"line":19,"column":4},"end":{"line":19,"column":29}},"17":{"start":{"line":20,"column":4},"end":{"line":20,"column":43}},"18":{"start":{"line":21,"column":4},"end":{"line":21,"column":19}},"19":{"start":{"line":17,"column":13},"end":{"line":17,"column":22}},"20":{"start":{"line":24,"column":20},"end":{"line":24,"column":114}},"21":{"start":{"line":24,"column":69},"end":{"line":24,"column":114}},"22":{"start":{"line":24,"column":13},"end":{"line":24,"column":20}},"23":{"start":{"line":25,"column":19},"end":{"line":30,"column":1}},"24":{"start":{"line":26,"column":20},"end":{"line":26,"column":64}},"25":{"start":{"line":27,"column":4},"end":{"line":27,"column":40}},"26":{"start":{"line":28,"column":4},"end":{"line":28,"column":40}},"27":{"start":{"line":29,"column":4},"end":{"line":29,"column":19}},"28":{"start":{"line":25,"column":13},"end":{"line":25,"column":19}},"29":{"start":{"line":31,"column":17},"end":{"line":36,"column":1}},"30":{"start":{"line":32,"column":20},"end":{"line":32,"column":62}},"31":{"start":{"line":33,"column":4},"end":{"line":33,"column":29}},"32":{"start":{"line":34,"column":4},"end":{"line":34,"column":42}},"33":{"start":{"line":35,"column":4},"end":{"line":35,"column":19}},"34":{"start":{"line":31,"column":13},"end":{"line":31,"column":17}}},"fnMap":{"0":{"name":"(anonymous_1)","decl":{"start":{"line":3,"column":19},"end":{"line":3,"column":20}},"loc":{"start":{"line":3,"column":68},"end":{"line":3,"column":112}}},"1":{"name":"(anonymous_2)","decl":{"start":{"line":5,"column":17},"end":{"line":5,"column":18}},"loc":{"start":{"line":5,"column":79},"end":{"line":9,"column":1}}},"2":{"name":"(anonymous_3)","decl":{"start":{"line":11,"column":20},"end":{"line":11,"column":21}},"loc":{"start":{"line":11,"column":82},"end":{"line":15,"column":1}}},"3":{"name":"(anonymous_4)","decl":{"start":{"line":17,"column":22},"end":{"line":17,"column":23}},"loc":{"start":{"line":17,"column":58},"end":{"line":22,"column":1}}},"4":{"name":"(anonymous_5)","decl":{"start":{"line":24,"column":20},"end":{"line":24,"column":21}},"loc":{"start":{"line":24,"column":69},"end":{"line":24,"column":114}}},"5":{"name":"(anonymous_6)","decl":{"start":{"line":25,"column":19},"end":{"line":25,"column":20}},"loc":{"start":{"line":25,"column":93},"end":{"line":30,"column":1}}},"6":{"name":"(anonymous_7)","decl":{"start":{"line":31,"column":17},"end":{"line":31,"column":18}},"loc":{"start":{"line":31,"column":93},"end":{"line":36,"column":1}}}},"branchMap":{},"s":{"0":1,"1":1,"2":6,"3":1,"4":1,"5":0,"6":0,"7":0,"8":1,"9":1,"10":11,"11":11,"12":11,"13":1,"14":1,"15":4,"16":4,"17":4,"18":4,"19":1,"20":1,"21":0,"22":1,"23":1,"24":0,"25":0,"26":0,"27":0,"28":1,"29":1,"30":0,"31":0,"32":0,"33":0,"34":1},"f":{"0":6,"1":0,"2":11,"3":4,"4":0,"5":0,"6":0},"b":{}}
,"C:\\Users\\30051441\\eCommerce\\store\\src\\pages\\aboutUs\\aboutUs.ts": {"path":"C:\\Users\\30051441\\eCommerce\\store\\src\\pages\\aboutUs\\aboutUs.ts","statementMap":{"0":{"start":{"line":1,"column":0},"end":{"line":1,"column":61}},"1":{"start":{"line":2,"column":0},"end":{"line":2,"column":49}},"2":{"start":{"line":7,"column":8},"end":{"line":7,"column":32}},"3":{"start":{"line":8,"column":22},"end":{"line":8,"column":44}},"4":{"start":{"line":9,"column":8},"end":{"line":9,"column":37}},"5":{"start":{"line":10,"column":8},"end":{"line":10,"column":35}},"6":{"start":{"line":14,"column":0},"end":{"line":14,"column":23}}},"fnMap":{"0":{"name":"(anonymous_1)","decl":{"start":{"line":6,"column":4},"end":{"line":6,"column":null}},"loc":{"start":{"line":6,"column":4},"end":{"line":11,"column":5}}}},"branchMap":{},"s":{"0":1,"1":1,"2":0,"3":0,"4":0,"5":0,"6":1},"f":{"0":0},"b":{}}
,"C:\\Users\\30051441\\eCommerce\\store\\src\\pages\\basket\\basket.ts": {"path":"C:\\Users\\30051441\\eCommerce\\store\\src\\pages\\basket\\basket.ts","statementMap":{"0":{"start":{"line":1,"column":0},"end":{"line":1,"column":61}},"1":{"start":{"line":2,"column":0},"end":{"line":2,"column":49}},"2":{"start":{"line":7,"column":8},"end":{"line":7,"column":29}},"3":{"start":{"line":8,"column":22},"end":{"line":8,"column":40}},"4":{"start":{"line":9,"column":8},"end":{"line":9,"column":38}},"5":{"start":{"line":10,"column":8},"end":{"line":10,"column":35}},"6":{"start":{"line":14,"column":0},"end":{"line":14,"column":22}}},"fnMap":{"0":{"name":"(anonymous_1)","decl":{"start":{"line":6,"column":4},"end":{"line":6,"column":null}},"loc":{"start":{"line":6,"column":4},"end":{"line":11,"column":5}}}},"branchMap":{},"s":{"0":1,"1":1,"2":0,"3":0,"4":0,"5":0,"6":1},"f":{"0":0},"b":{}}
,"C:\\Users\\30051441\\eCommerce\\store\\src\\pages\\catalogProduct\\catalogProduct.ts": {"path":"C:\\Users\\30051441\\eCommerce\\store\\src\\pages\\catalogProduct\\catalogProduct.ts","statementMap":{"0":{"start":{"line":1,"column":0},"end":{"line":1,"column":61}},"1":{"start":{"line":2,"column":0},"end":{"line":2,"column":49}},"2":{"start":{"line":7,"column":8},"end":{"line":7,"column":32}},"3":{"start":{"line":8,"column":22},"end":{"line":8,"column":43}},"4":{"start":{"line":9,"column":8},"end":{"line":9,"column":44}},"5":{"start":{"line":10,"column":8},"end":{"line":10,"column":35}},"6":{"start":{"line":14,"column":0},"end":{"line":14,"column":30}}},"fnMap":{"0":{"name":"(anonymous_1)","decl":{"start":{"line":6,"column":4},"end":{"line":6,"column":null}},"loc":{"start":{"line":6,"column":4},"end":{"line":11,"column":5}}}},"branchMap":{},"s":{"0":1,"1":1,"2":0,"3":0,"4":0,"5":0,"6":1},"f":{"0":0},"b":{}}
,"C:\\Users\\30051441\\eCommerce\\store\\src\\pages\\detailedProduct\\detailedProduct.ts": {"path":"C:\\Users\\30051441\\eCommerce\\store\\src\\pages\\detailedProduct\\detailedProduct.ts","statementMap":{"0":{"start":{"line":1,"column":0},"end":{"line":1,"column":61}},"1":{"start":{"line":2,"column":0},"end":{"line":2,"column":49}},"2":{"start":{"line":7,"column":8},"end":{"line":7,"column":32}},"3":{"start":{"line":8,"column":22},"end":{"line":8,"column":43}},"4":{"start":{"line":9,"column":8},"end":{"line":9,"column":45}},"5":{"start":{"line":10,"column":8},"end":{"line":10,"column":35}},"6":{"start":{"line":14,"column":0},"end":{"line":14,"column":31}}},"fnMap":{"0":{"name":"(anonymous_1)","decl":{"start":{"line":6,"column":4},"end":{"line":6,"column":null}},"loc":{"start":{"line":6,"column":4},"end":{"line":11,"column":5}}}},"branchMap":{},"s":{"0":1,"1":1,"2":0,"3":0,"4":0,"5":0,"6":1},"f":{"0":0},"b":{}}
,"C:\\Users\\30051441\\eCommerce\\store\\src\\pages\\login\\login.ts": {"path":"C:\\Users\\30051441\\eCommerce\\store\\src\\pages\\login\\login.ts","statementMap":{"0":{"start":{"line":2,"column":0},"end":{"line":2,"column":49}},"1":{"start":{"line":3,"column":0},"end":{"line":3,"column":49}},"2":{"start":{"line":4,"column":0},"end":{"line":4,"column":55}},"3":{"start":{"line":5,"column":0},"end":{"line":5,"column":52}},"4":{"start":{"line":6,"column":0},"end":{"line":6,"column":46}},"5":{"start":{"line":7,"column":0},"end":{"line":7,"column":63}},"6":{"start":{"line":8,"column":0},"end":{"line":8,"column":54}},"7":{"start":{"line":9,"column":0},"end":{"line":9,"column":63}},"8":{"start":{"line":10,"column":0},"end":{"line":10,"column":63}},"9":{"start":{"line":11,"column":0},"end":{"line":11,"column":75}},"10":{"start":{"line":12,"column":0},"end":{"line":12,"column":21}},"11":{"start":{"line":14,"column":29},"end":{"line":30,"column":2}},"12":{"start":{"line":36,"column":8},"end":{"line":36,"column":23}},"13":{"start":{"line":33,"column":4},"end":{"line":33,"column":15}},"14":{"start":{"line":37,"column":22},"end":{"line":37,"column":41}},"15":{"start":{"line":38,"column":8},"end":{"line":38,"column":34}},"16":{"start":{"line":39,"column":8},"end":{"line":39,"column":35}},"17":{"start":{"line":40,"column":8},"end":{"line":46,"column":10}},"18":{"start":{"line":41,"column":12},"end":{"line":45,"column":null}},"19":{"start":{"line":48,"column":8},"end":{"line":57,"column":10}},"20":{"start":{"line":55,"column":22},"end":{"line":55,"column":38}},"21":{"start":{"line":59,"column":8},"end":{"line":67,"column":10}},"22":{"start":{"line":66,"column":18},"end":{"line":66,"column":33}},"23":{"start":{"line":68,"column":8},"end":{"line":68,"column":45}},"24":{"start":{"line":69,"column":8},"end":{"line":78,"column":10}},"25":{"start":{"line":76,"column":22},"end":{"line":76,"column":55}},"26":{"start":{"line":79,"column":8},"end":{"line":81,"column":11}},"27":{"start":{"line":80,"column":12},"end":{"line":80,"column":111}},"28":{"start":{"line":80,"column":74},"end":{"line":80,"column":111}},"29":{"start":{"line":85,"column":22},"end":{"line":85,"column":72}},"30":{"start":{"line":86,"column":9},"end":{"line":86,"column":98}},"31":{"start":{"line":87,"column":8},"end":{"line":89,"column":53}},"32":{"start":{"line":93,"column":8},"end":{"line":97,"column":9}},"33":{"start":{"line":94,"column":12},"end":{"line":96,"column":69}},"34":{"start":{"line":98,"column":8},"end":{"line":100,"column":66}},"35":{"start":{"line":104,"column":8},"end":{"line":118,"column":85}},"36":{"start":{"line":106,"column":16},"end":{"line":116,"column":17}},"37":{"start":{"line":107,"column":20},"end":{"line":107,"column":114}},"38":{"start":{"line":109,"column":20},"end":{"line":115,"column":116}},"39":{"start":{"line":111,"column":28},"end":{"line":111,"column":69}},"40":{"start":{"line":112,"column":28},"end":{"line":112,"column":50}},"41":{"start":{"line":113,"column":28},"end":{"line":113,"column":41}},"42":{"start":{"line":115,"column":37},"end":{"line":115,"column":114}},"43":{"start":{"line":118,"column":26},"end":{"line":118,"column":83}},"44":{"start":{"line":122,"column":0},"end":{"line":122,"column":21}}},"fnMap":{"0":{"name":"(anonymous_3)","decl":{"start":{"line":35,"column":4},"end":{"line":35,"column":null}},"loc":{"start":{"line":35,"column":4},"end":{"line":82,"column":5}}},"1":{"name":"(anonymous_4)","decl":{"start":{"line":40,"column":23},"end":{"line":40,"column":24}},"loc":{"start":{"line":40,"column":33},"end":{"line":45,"column":null}}},"2":{"name":"(anonymous_5)","decl":{"start":{"line":55,"column":16},"end":{"line":55,"column":19}},"loc":{"start":{"line":55,"column":22},"end":{"line":55,"column":38}}},"3":{"name":"(anonymous_6)","decl":{"start":{"line":66,"column":12},"end":{"line":66,"column":15}},"loc":{"start":{"line":66,"column":18},"end":{"line":66,"column":33}}},"4":{"name":"(anonymous_7)","decl":{"start":{"line":76,"column":16},"end":{"line":76,"column":19}},"loc":{"start":{"line":76,"column":22},"end":{"line":76,"column":55}}},"5":{"name":"(anonymous_8)","decl":{"start":{"line":79,"column":34},"end":{"line":79,"column":35}},"loc":{"start":{"line":79,"column":44},"end":{"line":81,"column":9}}},"6":{"name":"(anonymous_9)","decl":{"start":{"line":84,"column":4},"end":{"line":84,"column":13}},"loc":{"start":{"line":84,"column":13},"end":{"line":90,"column":5}}},"7":{"name":"(anonymous_10)","decl":{"start":{"line":92,"column":4},"end":{"line":92,"column":21}},"loc":{"start":{"line":92,"column":46},"end":{"line":101,"column":5}}},"8":{"name":"(anonymous_11)","decl":{"start":{"line":103,"column":4},"end":{"line":103,"column":12}},"loc":{"start":{"line":103,"column":12},"end":{"line":119,"column":5}}},"9":{"name":"(anonymous_12)","decl":{"start":{"line":105,"column":18},"end":{"line":105,"column":19}},"loc":{"start":{"line":105,"column":31},"end":{"line":117,"column":13}}},"10":{"name":"(anonymous_13)","decl":{"start":{"line":110,"column":30},"end":{"line":110,"column":31}},"loc":{"start":{"line":110,"column":43},"end":{"line":114,"column":25}}},"11":{"name":"(anonymous_14)","decl":{"start":{"line":115,"column":31},"end":{"line":115,"column":34}},"loc":{"start":{"line":115,"column":37},"end":{"line":115,"column":114}}},"12":{"name":"(anonymous_15)","decl":{"start":{"line":118,"column":19},"end":{"line":118,"column":20}},"loc":{"start":{"line":118,"column":26},"end":{"line":118,"column":83}}}},"branchMap":{"0":{"loc":{"start":{"line":42,"column":61},"end":{"line":42,"column":87}},"type":"binary-expr","locations":[{"start":{"line":42,"column":61},"end":{"line":42,"column":81}},{"start":{"line":42,"column":85},"end":{"line":42,"column":87}}]},"1":{"loc":{"start":{"line":42,"column":61},"end":{"line":42,"column":81}},"type":"cond-expr","locations":[{"start":{"line":42,"column":77},"end":{"line":42,"column":79}},{"start":{"line":42,"column":77},"end":{"line":42,"column":81}}]},"2":{"loc":{"start":{"line":42,"column":61},"end":{"line":42,"column":79}},"type":"binary-expr","locations":[{"start":{"line":42,"column":61},"end":{"line":42,"column":79}},{"start":{"line":42,"column":77},"end":{"line":42,"column":79}}]},"3":{"loc":{"start":{"line":80,"column":12},"end":{"line":80,"column":111}},"type":"if","locations":[{"start":{"line":80,"column":12},"end":{"line":80,"column":111}}]},"4":{"loc":{"start":{"line":80,"column":16},"end":{"line":80,"column":72}},"type":"binary-expr","locations":[{"start":{"line":80,"column":16},"end":{"line":80,"column":28}},{"start":{"line":80,"column":32},"end":{"line":80,"column":72}}]},"5":{"loc":{"start":{"line":87,"column":8},"end":{"line":89,"column":52}},"type":"cond-expr","locations":[{"start":{"line":88,"column":14},"end":{"line":88,"column":48}},{"start":{"line":89,"column":14},"end":{"line":89,"column":52}}]},"6":{"loc":{"start":{"line":93,"column":8},"end":{"line":97,"column":9}},"type":"if","locations":[{"start":{"line":93,"column":8},"end":{"line":97,"column":9}}]},"7":{"loc":{"start":{"line":94,"column":12},"end":{"line":96,"column":68}},"type":"cond-expr","locations":[{"start":{"line":95,"column":18},"end":{"line":95,"column":71}},{"start":{"line":96,"column":18},"end":{"line":96,"column":68}}]},"8":{"loc":{"start":{"line":98,"column":8},"end":{"line":100,"column":65}},"type":"cond-expr","locations":[{"start":{"line":99,"column":14},"end":{"line":99,"column":57}},{"start":{"line":100,"column":14},"end":{"line":100,"column":65}}]},"9":{"loc":{"start":{"line":106,"column":16},"end":{"line":116,"column":17}},"type":"if","locations":[{"start":{"line":106,"column":16},"end":{"line":116,"column":17}},{"start":{"line":108,"column":23},"end":{"line":116,"column":17}}]}},"s":{"0":1,"1":1,"2":1,"3":1,"4":1,"5":1,"6":1,"7":1,"8":1,"9":1,"10":1,"11":1,"12":0,"13":0,"14":0,"15":0,"16":0,"17":0,"18":0,"19":0,"20":0,"21":0,"22":0,"23":0,"24":0,"25":0,"26":0,"27":0,"28":0,"29":0,"30":0,"31":0,"32":0,"33":0,"34":0,"35":0,"36":0,"37":0,"38":0,"39":0,"40":0,"41":0,"42":0,"43":0,"44":1},"f":{"0":0,"1":0,"2":0,"3":0,"4":0,"5":0,"6":0,"7":0,"8":0,"9":0,"10":0,"11":0,"12":0},"b":{"0":[0,0],"1":[0,0],"2":[0,0],"3":[0],"4":[0,0],"5":[0,0],"6":[0],"7":[0,0],"8":[0,0],"9":[0,0]}}
,"C:\\Users\\30051441\\eCommerce\\store\\src\\pages\\main\\main.ts": {"path":"C:\\Users\\30051441\\eCommerce\\store\\src\\pages\\main\\main.ts","statementMap":{"0":{"start":{"line":1,"column":0},"end":{"line":1,"column":61}},"1":{"start":{"line":2,"column":0},"end":{"line":2,"column":55}},"2":{"start":{"line":3,"column":0},"end":{"line":3,"column":52}},"3":{"start":{"line":4,"column":0},"end":{"line":4,"column":52}},"4":{"start":{"line":5,"column":0},"end":{"line":5,"column":52}},"5":{"start":{"line":7,"column":0},"end":{"line":7,"column":75}},"6":{"start":{"line":11,"column":8},"end":{"line":11,"column":29}},"7":{"start":{"line":12,"column":22},"end":{"line":12,"column":33}},"8":{"start":{"line":13,"column":8},"end":{"line":13,"column":64}},"9":{"start":{"line":14,"column":8},"end":{"line":27,"column":10}},"10":{"start":{"line":22,"column":24},"end":{"line":22,"column":52}},"11":{"start":{"line":31,"column":0},"end":{"line":31,"column":20}}},"fnMap":{"0":{"name":"(anonymous_1)","decl":{"start":{"line":10,"column":4},"end":{"line":10,"column":null}},"loc":{"start":{"line":10,"column":4},"end":{"line":28,"column":5}}},"1":{"name":"(anonymous_2)","decl":{"start":{"line":21,"column":87},"end":{"line":21,"column":90}},"loc":{"start":{"line":22,"column":24},"end":{"line":22,"column":52}}}},"branchMap":{},"s":{"0":1,"1":1,"2":1,"3":1,"4":1,"5":1,"6":0,"7":0,"8":0,"9":0,"10":0,"11":1},"f":{"0":0,"1":0},"b":{}}
,"C:\\Users\\30051441\\eCommerce\\store\\src\\pages\\notFound\\notFound.ts": {"path":"C:\\Users\\30051441\\eCommerce\\store\\src\\pages\\notFound\\notFound.ts","statementMap":{"0":{"start":{"line":1,"column":0},"end":{"line":1,"column":52}},"1":{"start":{"line":2,"column":0},"end":{"line":2,"column":61}},"2":{"start":{"line":3,"column":0},"end":{"line":3,"column":52}},"3":{"start":{"line":4,"column":0},"end":{"line":4,"column":75}},"4":{"start":{"line":8,"column":8},"end":{"line":8,"column":34}},"5":{"start":{"line":9,"column":22},"end":{"line":9,"column":45}},"6":{"start":{"line":10,"column":8},"end":{"line":10,"column":48}},"7":{"start":{"line":11,"column":8},"end":{"line":21,"column":10}},"8":{"start":{"line":19,"column":16},"end":{"line":19,"column":37}},"9":{"start":{"line":25,"column":0},"end":{"line":25,"column":24}}},"fnMap":{"0":{"name":"(anonymous_1)","decl":{"start":{"line":7,"column":4},"end":{"line":7,"column":null}},"loc":{"start":{"line":7,"column":4},"end":{"line":22,"column":5}}},"1":{"name":"(anonymous_2)","decl":{"start":{"line":18,"column":95},"end":{"line":18,"column":98}},"loc":{"start":{"line":19,"column":16},"end":{"line":19,"column":37}}}},"branchMap":{},"s":{"0":1,"1":1,"2":1,"3":1,"4":0,"5":0,"6":0,"7":0,"8":0,"9":1},"f":{"0":0,"1":0},"b":{}}
,"C:\\Users\\30051441\\eCommerce\\store\\src\\pages\\registration\\adress.ts": {"path":"C:\\Users\\30051441\\eCommerce\\store\\src\\pages\\registration\\adress.ts","statementMap":{"0":{"start":{"line":1,"column":0},"end":{"line":1,"column":61}},"1":{"start":{"line":2,"column":0},"end":{"line":2,"column":49}},"2":{"start":{"line":3,"column":0},"end":{"line":3,"column":49}},"3":{"start":{"line":4,"column":0},"end":{"line":4,"column":52}},"4":{"start":{"line":5,"column":0},"end":{"line":5,"column":55}},"5":{"start":{"line":8,"column":29},"end":{"line":11,"column":2}},"6":{"start":{"line":27,"column":8},"end":{"line":27,"column":32}},"7":{"start":{"line":14,"column":4},"end":{"line":14,"column":17}},"8":{"start":{"line":16,"column":4},"end":{"line":16,"column":15}},"9":{"start":{"line":18,"column":4},"end":{"line":18,"column":15}},"10":{"start":{"line":20,"column":4},"end":{"line":20,"column":18}},"11":{"start":{"line":22,"column":4},"end":{"line":22,"column":47}},"12":{"start":{"line":24,"column":4},"end":{"line":24,"column":18}},"13":{"start":{"line":28,"column":8},"end":{"line":28,"column":68}},"14":{"start":{"line":29,"column":22},"end":{"line":29,"column":33}},"15":{"start":{"line":30,"column":8},"end":{"line":30,"column":44}},"16":{"start":{"line":32,"column":8},"end":{"line":36,"column":10}},"17":{"start":{"line":38,"column":8},"end":{"line":42,"column":10}},"18":{"start":{"line":44,"column":8},"end":{"line":48,"column":10}},"19":{"start":{"line":50,"column":8},"end":{"line":52,"column":10}},"20":{"start":{"line":51,"column":12},"end":{"line":51,"column":36}},"21":{"start":{"line":54,"column":8},"end":{"line":59,"column":10}},"22":{"start":{"line":61,"column":8},"end":{"line":61,"column":35}},"23":{"start":{"line":63,"column":39},"end":{"line":67,"column":null}},"24":{"start":{"line":67,"column":19},"end":{"line":67,"column":74}},"25":{"start":{"line":70,"column":8},"end":{"line":91,"column":10}},"26":{"start":{"line":92,"column":8},"end":{"line":96,"column":14}},"27":{"start":{"line":93,"column":12},"end":{"line":96,"column":14}},"28":{"start":{"line":100,"column":8},"end":{"line":103,"column":11}},"29":{"start":{"line":107,"column":8},"end":{"line":110,"column":11}},"30":{"start":{"line":108,"column":12},"end":{"line":108,"column":50}},"31":{"start":{"line":109,"column":12},"end":{"line":109,"column":80}},"32":{"start":{"line":111,"column":8},"end":{"line":111,"column":33}},"33":{"start":{"line":115,"column":8},"end":{"line":117,"column":11}},"34":{"start":{"line":116,"column":12},"end":{"line":116,"column":81}},"35":{"start":{"line":121,"column":8},"end":{"line":121,"column":75}},"36":{"start":{"line":121,"column":32},"end":{"line":121,"column":75}},"37":{"start":{"line":122,"column":8},"end":{"line":122,"column":33}},"38":{"start":{"line":126,"column":8},"end":{"line":126,"column":76}},"39":{"start":{"line":126,"column":58},"end":{"line":126,"column":74}},"40":{"start":{"line":130,"column":57},"end":{"line":130,"column":88}},"41":{"start":{"line":131,"column":8},"end":{"line":136,"column":10}},"42":{"start":{"line":140,"column":8},"end":{"line":140,"column":34}},"43":{"start":{"line":144,"column":0},"end":{"line":144,"column":23}}},"fnMap":{"0":{"name":"(anonymous_3)","decl":{"start":{"line":26,"column":4},"end":{"line":26,"column":16}},"loc":{"start":{"line":26,"column":28},"end":{"line":97,"column":5}}},"1":{"name":"(anonymous_4)","decl":{"start":{"line":50,"column":97},"end":{"line":50,"column":100}},"loc":{"start":{"line":51,"column":12},"end":{"line":51,"column":36}}},"2":{"name":"(anonymous_5)","decl":{"start":{"line":67,"column":12},"end":{"line":67,"column":15}},"loc":{"start":{"line":67,"column":19},"end":{"line":67,"column":74}}},"3":{"name":"(anonymous_6)","decl":{"start":{"line":99,"column":4},"end":{"line":99,"column":21}},"loc":{"start":{"line":99,"column":21},"end":{"line":104,"column":5}}},"4":{"name":"(anonymous_7)","decl":{"start":{"line":106,"column":4},"end":{"line":106,"column":13}},"loc":{"start":{"line":106,"column":30},"end":{"line":112,"column":5}}},"5":{"name":"(anonymous_8)","decl":{"start":{"line":107,"column":44},"end":{"line":107,"column":45}},"loc":{"start":{"line":107,"column":61},"end":{"line":110,"column":9}}},"6":{"name":"(anonymous_9)","decl":{"start":{"line":114,"column":4},"end":{"line":114,"column":21}},"loc":{"start":{"line":114,"column":21},"end":{"line":118,"column":5}}},"7":{"name":"(anonymous_10)","decl":{"start":{"line":115,"column":44},"end":{"line":115,"column":45}},"loc":{"start":{"line":115,"column":54},"end":{"line":117,"column":9}}},"8":{"name":"(anonymous_11)","decl":{"start":{"line":120,"column":4},"end":{"line":120,"column":12}},"loc":{"start":{"line":120,"column":40},"end":{"line":123,"column":5}}},"9":{"name":"(anonymous_12)","decl":{"start":{"line":125,"column":4},"end":{"line":125,"column":13}},"loc":{"start":{"line":125,"column":13},"end":{"line":127,"column":5}}},"10":{"name":"(anonymous_13)","decl":{"start":{"line":126,"column":47},"end":{"line":126,"column":48}},"loc":{"start":{"line":126,"column":58},"end":{"line":126,"column":74}}},"11":{"name":"(anonymous_14)","decl":{"start":{"line":129,"column":4},"end":{"line":129,"column":14}},"loc":{"start":{"line":129,"column":14},"end":{"line":137,"column":5}}},"12":{"name":"(anonymous_15)","decl":{"start":{"line":139,"column":4},"end":{"line":139,"column":19}},"loc":{"start":{"line":139,"column":19},"end":{"line":141,"column":5}}}},"branchMap":{"0":{"loc":{"start":{"line":92,"column":8},"end":{"line":96,"column":14}},"type":"if","locations":[{"start":{"line":92,"column":8},"end":{"line":96,"column":14}}]},"1":{"loc":{"start":{"line":109,"column":12},"end":{"line":109,"column":79}},"type":"cond-expr","locations":[{"start":{"line":109,"column":37},"end":{"line":109,"column":56}},{"start":{"line":109,"column":59},"end":{"line":109,"column":79}}]},"2":{"loc":{"start":{"line":116,"column":12},"end":{"line":116,"column":80}},"type":"cond-expr","locations":[{"start":{"line":116,"column":37},"end":{"line":116,"column":59}},{"start":{"line":116,"column":62},"end":{"line":116,"column":80}}]},"3":{"loc":{"start":{"line":121,"column":8},"end":{"line":121,"column":75}},"type":"if","locations":[{"start":{"line":121,"column":8},"end":{"line":121,"column":75}}]}},"s":{"0":1,"1":1,"2":1,"3":1,"4":1,"5":1,"6":2,"7":2,"8":2,"9":2,"10":2,"11":2,"12":2,"13":2,"14":2,"15":2,"16":2,"17":2,"18":2,"19":2,"20":0,"21":2,"22":2,"23":2,"24":0,"25":2,"26":2,"27":1,"28":0,"29":0,"30":0,"31":0,"32":0,"33":0,"34":0,"35":0,"36":0,"37":0,"38":0,"39":0,"40":0,"41":0,"42":0,"43":1},"f":{"0":2,"1":0,"2":0,"3":0,"4":0,"5":0,"6":0,"7":0,"8":0,"9":0,"10":0,"11":0,"12":0},"b":{"0":[1],"1":[0,0],"2":[0,0],"3":[0]}}
,"C:\\Users\\30051441\\eCommerce\\store\\src\\pages\\registration\\inputs.ts": {"path":"C:\\Users\\30051441\\eCommerce\\store\\src\\pages\\registration\\inputs.ts","statementMap":{"0":{"start":{"line":3,"column":29},"end":{"line":34,"column":2}},"1":{"start":{"line":36,"column":0},"end":{"line":36,"column":22}}},"fnMap":{},"branchMap":{},"s":{"0":1,"1":1},"f":{},"b":{}}
,"C:\\Users\\30051441\\eCommerce\\store\\src\\pages\\registration\\registration.ts": {"path":"C:\\Users\\30051441\\eCommerce\\store\\src\\pages\\registration\\registration.ts","statementMap":{"0":{"start":{"line":1,"column":0},"end":{"line":1,"column":49}},"1":{"start":{"line":2,"column":0},"end":{"line":2,"column":49}},"2":{"start":{"line":3,"column":0},"end":{"line":3,"column":55}},"3":{"start":{"line":4,"column":0},"end":{"line":4,"column":31}},"4":{"start":{"line":5,"column":0},"end":{"line":5,"column":52}},"5":{"start":{"line":6,"column":0},"end":{"line":6,"column":46}},"6":{"start":{"line":7,"column":0},"end":{"line":7,"column":54}},"7":{"start":{"line":8,"column":0},"end":{"line":8,"column":56}},"8":{"start":{"line":9,"column":0},"end":{"line":9,"column":75}},"9":{"start":{"line":10,"column":0},"end":{"line":10,"column":47}},"10":{"start":{"line":11,"column":0},"end":{"line":11,"column":30}},"11":{"start":{"line":13,"column":0},"end":{"line":13,"column":21}},"12":{"start":{"line":14,"column":0},"end":{"line":14,"column":63}},"13":{"start":{"line":26,"column":8},"end":{"line":26,"column":30}},"14":{"start":{"line":17,"column":4},"end":{"line":17,"column":15}},"15":{"start":{"line":19,"column":4},"end":{"line":19,"column":21}},"16":{"start":{"line":21,"column":4},"end":{"line":21,"column":20}},"17":{"start":{"line":23,"column":4},"end":{"line":23,"column":15}},"18":{"start":{"line":27,"column":8},"end":{"line":27,"column":32}},"19":{"start":{"line":28,"column":22},"end":{"line":28,"column":48}},"20":{"start":{"line":29,"column":8},"end":{"line":29,"column":41}},"21":{"start":{"line":30,"column":8},"end":{"line":30,"column":35}},"22":{"start":{"line":31,"column":8},"end":{"line":37,"column":10}},"23":{"start":{"line":32,"column":12},"end":{"line":36,"column":null}},"24":{"start":{"line":38,"column":8},"end":{"line":38,"column":56}},"25":{"start":{"line":39,"column":8},"end":{"line":39,"column":54}},"26":{"start":{"line":40,"column":8},"end":{"line":48,"column":10}},"27":{"start":{"line":47,"column":18},"end":{"line":47,"column":33}},"28":{"start":{"line":49,"column":8},"end":{"line":60,"column":10}},"29":{"start":{"line":58,"column":22},"end":{"line":58,"column":48}},"30":{"start":{"line":61,"column":8},"end":{"line":63,"column":11}},"31":{"start":{"line":62,"column":12},"end":{"line":62,"column":102}},"32":{"start":{"line":62,"column":74},"end":{"line":62,"column":102}},"33":{"start":{"line":64,"column":8},"end":{"line":66,"column":11}},"34":{"start":{"line":65,"column":12},"end":{"line":65,"column":103}},"35":{"start":{"line":65,"column":75},"end":{"line":65,"column":103}},"36":{"start":{"line":70,"column":8},"end":{"line":77,"column":9}},"37":{"start":{"line":71,"column":12},"end":{"line":71,"column":47}},"38":{"start":{"line":72,"column":12},"end":{"line":74,"column":59}},"39":{"start":{"line":75,"column":15},"end":{"line":77,"column":9}},"40":{"start":{"line":76,"column":12},"end":{"line":76,"column":69}},"41":{"start":{"line":78,"column":8},"end":{"line":78,"column":39}},"42":{"start":{"line":82,"column":8},"end":{"line":84,"column":9}},"43":{"start":{"line":83,"column":12},"end":{"line":83,"column":116}},"44":{"start":{"line":85,"column":8},"end":{"line":89,"column":9}},"45":{"start":{"line":86,"column":12},"end":{"line":88,"column":69}},"46":{"start":{"line":90,"column":8},"end":{"line":92,"column":66}},"47":{"start":{"line":96,"column":20},"end":{"line":96,"column":30}},"48":{"start":{"line":97,"column":26},"end":{"line":97,"column":41}},"49":{"start":{"line":98,"column":8},"end":{"line":106,"column":9}},"50":{"start":{"line":99,"column":12},"end":{"line":105,"column":13}},"51":{"start":{"line":100,"column":16},"end":{"line":100,"column":28}},"52":{"start":{"line":101,"column":19},"end":{"line":105,"column":13}},"53":{"start":{"line":102,"column":16},"end":{"line":104,"column":17}},"54":{"start":{"line":103,"column":20},"end":{"line":103,"column":32}},"55":{"start":{"line":107,"column":8},"end":{"line":107,"column":64}},"56":{"start":{"line":111,"column":27},"end":{"line":111,"column":30}},"57":{"start":{"line":112,"column":31},"end":{"line":112,"column":65}},"58":{"start":{"line":113,"column":30},"end":{"line":113,"column":63}},"59":{"start":{"line":114,"column":28},"end":{"line":114,"column":44}},"60":{"start":{"line":116,"column":8},"end":{"line":119,"column":9}},"61":{"start":{"line":117,"column":12},"end":{"line":117,"column":44}},"62":{"start":{"line":118,"column":12},"end":{"line":118,"column":31}},"63":{"start":{"line":121,"column":36},"end":{"line":130,"column":10}},"64":{"start":{"line":132,"column":8},"end":{"line":132,"column":116}},"65":{"start":{"line":132,"column":52},"end":{"line":132,"column":116}},"66":{"start":{"line":133,"column":8},"end":{"line":133,"column":104}},"67":{"start":{"line":133,"column":53},"end":{"line":133,"column":104}},"68":{"start":{"line":135,"column":8},"end":{"line":140,"column":93}},"69":{"start":{"line":137,"column":16},"end":{"line":137,"column":38}},"70":{"start":{"line":138,"column":16},"end":{"line":138,"column":101}},"71":{"start":{"line":140,"column":30},"end":{"line":140,"column":91}},"72":{"start":{"line":141,"column":8},"end":{"line":141,"column":40}},"73":{"start":{"line":145,"column":0},"end":{"line":145,"column":28}}},"fnMap":{"0":{"name":"(anonymous_3)","decl":{"start":{"line":25,"column":4},"end":{"line":25,"column":null}},"loc":{"start":{"line":25,"column":4},"end":{"line":67,"column":5}}},"1":{"name":"(anonymous_4)","decl":{"start":{"line":31,"column":23},"end":{"line":31,"column":24}},"loc":{"start":{"line":31,"column":33},"end":{"line":36,"column":null}}},"2":{"name":"(anonymous_5)","decl":{"start":{"line":47,"column":12},"end":{"line":47,"column":15}},"loc":{"start":{"line":47,"column":18},"end":{"line":47,"column":33}}},"3":{"name":"(anonymous_6)","decl":{"start":{"line":58,"column":16},"end":{"line":58,"column":19}},"loc":{"start":{"line":58,"column":22},"end":{"line":58,"column":48}}},"4":{"name":"(anonymous_7)","decl":{"start":{"line":61,"column":34},"end":{"line":61,"column":35}},"loc":{"start":{"line":61,"column":44},"end":{"line":63,"column":9}}},"5":{"name":"(anonymous_8)","decl":{"start":{"line":64,"column":35},"end":{"line":64,"column":36}},"loc":{"start":{"line":64,"column":45},"end":{"line":66,"column":9}}},"6":{"name":"(anonymous_9)","decl":{"start":{"line":69,"column":4},"end":{"line":69,"column":12}},"loc":{"start":{"line":69,"column":57},"end":{"line":79,"column":5}}},"7":{"name":"(anonymous_10)","decl":{"start":{"line":81,"column":4},"end":{"line":81,"column":21}},"loc":{"start":{"line":81,"column":66},"end":{"line":93,"column":5}}},"8":{"name":"(anonymous_11)","decl":{"start":{"line":95,"column":4},"end":{"line":95,"column":12}},"loc":{"start":{"line":95,"column":26},"end":{"line":108,"column":5}}},"9":{"name":"(anonymous_12)","decl":{"start":{"line":110,"column":4},"end":{"line":110,"column":12}},"loc":{"start":{"line":110,"column":12},"end":{"line":142,"column":5}}},"10":{"name":"(anonymous_13)","decl":{"start":{"line":136,"column":18},"end":{"line":136,"column":21}},"loc":{"start":{"line":136,"column":23},"end":{"line":139,"column":13}}},"11":{"name":"(anonymous_14)","decl":{"start":{"line":140,"column":19},"end":{"line":140,"column":20}},"loc":{"start":{"line":140,"column":30},"end":{"line":140,"column":91}}}},"branchMap":{"0":{"loc":{"start":{"line":33,"column":68},"end":{"line":33,"column":94}},"type":"binary-expr","locations":[{"start":{"line":33,"column":68},"end":{"line":33,"column":88}},{"start":{"line":33,"column":92},"end":{"line":33,"column":94}}]},"1":{"loc":{"start":{"line":33,"column":68},"end":{"line":33,"column":88}},"type":"cond-expr","locations":[{"start":{"line":33,"column":84},"end":{"line":33,"column":86}},{"start":{"line":33,"column":84},"end":{"line":33,"column":88}}]},"2":{"loc":{"start":{"line":33,"column":68},"end":{"line":33,"column":86}},"type":"binary-expr","locations":[{"start":{"line":33,"column":68},"end":{"line":33,"column":86}},{"start":{"line":33,"column":84},"end":{"line":33,"column":86}}]},"3":{"loc":{"start":{"line":62,"column":12},"end":{"line":62,"column":102}},"type":"if","locations":[{"start":{"line":62,"column":12},"end":{"line":62,"column":102}}]},"4":{"loc":{"start":{"line":62,"column":16},"end":{"line":62,"column":72}},"type":"binary-expr","locations":[{"start":{"line":62,"column":16},"end":{"line":62,"column":28}},{"start":{"line":62,"column":32},"end":{"line":62,"column":72}}]},"5":{"loc":{"start":{"line":65,"column":12},"end":{"line":65,"column":103}},"type":"if","locations":[{"start":{"line":65,"column":12},"end":{"line":65,"column":103}}]},"6":{"loc":{"start":{"line":65,"column":16},"end":{"line":65,"column":73}},"type":"binary-expr","locations":[{"start":{"line":65,"column":16},"end":{"line":65,"column":28}},{"start":{"line":65,"column":32},"end":{"line":65,"column":73}}]},"7":{"loc":{"start":{"line":70,"column":8},"end":{"line":77,"column":9}},"type":"if","locations":[{"start":{"line":70,"column":8},"end":{"line":77,"column":9}},{"start":{"line":75,"column":15},"end":{"line":77,"column":9}}]},"8":{"loc":{"start":{"line":70,"column":12},"end":{"line":70,"column":72}},"type":"binary-expr","locations":[{"start":{"line":70,"column":12},"end":{"line":70,"column":34}},{"start":{"line":70,"column":38},"end":{"line":70,"column":72}}]},"9":{"loc":{"start":{"line":72,"column":12},"end":{"line":74,"column":58}},"type":"cond-expr","locations":[{"start":{"line":73,"column":18},"end":{"line":73,"column":83}},{"start":{"line":74,"column":18},"end":{"line":74,"column":58}}]},"10":{"loc":{"start":{"line":75,"column":15},"end":{"line":77,"column":9}},"type":"if","locations":[{"start":{"line":75,"column":15},"end":{"line":77,"column":9}}]},"11":{"loc":{"start":{"line":75,"column":19},"end":{"line":75,"column":73}},"type":"binary-expr","locations":[{"start":{"line":75,"column":19},"end":{"line":75,"column":34}},{"start":{"line":75,"column":38},"end":{"line":75,"column":73}}]},"12":{"loc":{"start":{"line":82,"column":8},"end":{"line":84,"column":9}},"type":"if","locations":[{"start":{"line":82,"column":8},"end":{"line":84,"column":9}}]},"13":{"loc":{"start":{"line":83,"column":12},"end":{"line":83,"column":115}},"type":"cond-expr","locations":[{"start":{"line":83,"column":42},"end":{"line":83,"column":70}},{"start":{"line":83,"column":73},"end":{"line":83,"column":115}}]},"14":{"loc":{"start":{"line":85,"column":8},"end":{"line":89,"column":9}},"type":"if","locations":[{"start":{"line":85,"column":8},"end":{"line":89,"column":9}}]},"15":{"loc":{"start":{"line":86,"column":12},"end":{"line":88,"column":68}},"type":"cond-expr","locations":[{"start":{"line":87,"column":18},"end":{"line":87,"column":71}},{"start":{"line":88,"column":18},"end":{"line":88,"column":68}}]},"16":{"loc":{"start":{"line":90,"column":8},"end":{"line":92,"column":65}},"type":"cond-expr","locations":[{"start":{"line":91,"column":14},"end":{"line":91,"column":57}},{"start":{"line":92,"column":14},"end":{"line":92,"column":65}}]},"17":{"loc":{"start":{"line":98,"column":8},"end":{"line":106,"column":9}},"type":"if","locations":[{"start":{"line":98,"column":8},"end":{"line":106,"column":9}}]},"18":{"loc":{"start":{"line":99,"column":12},"end":{"line":105,"column":13}},"type":"if","locations":[{"start":{"line":99,"column":12},"end":{"line":105,"column":13}},{"start":{"line":101,"column":19},"end":{"line":105,"column":13}}]},"19":{"loc":{"start":{"line":101,"column":19},"end":{"line":105,"column":13}},"type":"if","locations":[{"start":{"line":101,"column":19},"end":{"line":105,"column":13}}]},"20":{"loc":{"start":{"line":102,"column":16},"end":{"line":104,"column":17}},"type":"if","locations":[{"start":{"line":102,"column":16},"end":{"line":104,"column":17}}]},"21":{"loc":{"start":{"line":116,"column":8},"end":{"line":119,"column":9}},"type":"if","locations":[{"start":{"line":116,"column":8},"end":{"line":119,"column":9}}]},"22":{"loc":{"start":{"line":132,"column":8},"end":{"line":132,"column":116}},"type":"if","locations":[{"start":{"line":132,"column":8},"end":{"line":132,"column":116}}]},"23":{"loc":{"start":{"line":133,"column":8},"end":{"line":133,"column":104}},"type":"if","locations":[{"start":{"line":133,"column":8},"end":{"line":133,"column":104}}]}},"s":{"0":1,"1":1,"2":1,"3":1,"4":1,"5":1,"6":1,"7":1,"8":1,"9":1,"10":1,"11":1,"12":1,"13":1,"14":1,"15":1,"16":1,"17":1,"18":1,"19":1,"20":1,"21":1,"22":1,"23":5,"24":1,"25":1,"26":1,"27":0,"28":1,"29":0,"30":1,"31":0,"32":0,"33":1,"34":0,"35":0,"36":0,"37":0,"38":0,"39":0,"40":0,"41":0,"42":0,"43":0,"44":0,"45":0,"46":0,"47":0,"48":0,"49":0,"50":0,"51":0,"52":0,"53":0,"54":0,"55":0,"56":0,"57":0,"58":0,"59":0,"60":0,"61":0,"62":0,"63":0,"64":0,"65":0,"66":0,"67":0,"68":0,"69":0,"70":0,"71":0,"72":0,"73":1},"f":{"0":1,"1":5,"2":0,"3":0,"4":0,"5":0,"6":0,"7":0,"8":0,"9":0,"10":0,"11":0},"b":{"0":[5,0],"1":[0,5],"2":[5,5],"3":[0],"4":[0,0],"5":[0],"6":[0,0],"7":[0,0],"8":[0,0],"9":[0,0],"10":[0],"11":[0,0],"12":[0],"13":[0,0],"14":[0],"15":[0,0],"16":[0,0],"17":[0],"18":[0,0],"19":[0],"20":[0],"21":[0],"22":[0],"23":[0]}}
,"C:\\Users\\30051441\\eCommerce\\store\\src\\pages\\userProfile\\userProfile.ts": {"path":"C:\\Users\\30051441\\eCommerce\\store\\src\\pages\\userProfile\\userProfile.ts","statementMap":{"0":{"start":{"line":1,"column":0},"end":{"line":1,"column":61}},"1":{"start":{"line":2,"column":0},"end":{"line":2,"column":49}},"2":{"start":{"line":7,"column":8},"end":{"line":7,"column":32}},"3":{"start":{"line":8,"column":22},"end":{"line":8,"column":43}},"4":{"start":{"line":9,"column":8},"end":{"line":9,"column":41}},"5":{"start":{"line":10,"column":8},"end":{"line":10,"column":35}},"6":{"start":{"line":14,"column":0},"end":{"line":14,"column":27}}},"fnMap":{"0":{"name":"(anonymous_1)","decl":{"start":{"line":6,"column":4},"end":{"line":6,"column":null}},"loc":{"start":{"line":6,"column":4},"end":{"line":11,"column":5}}}},"branchMap":{},"s":{"0":1,"1":1,"2":0,"3":0,"4":0,"5":0,"6":1},"f":{"0":0},"b":{}}
,"C:\\Users\\30051441\\eCommerce\\store\\src\\services\\api\\api.ts": {"path":"C:\\Users\\30051441\\eCommerce\\store\\src\\services\\api\\api.ts","statementMap":{"0":{"start":{"line":1,"column":0},"end":{"line":1,"column":30}},"1":{"start":{"line":4,"column":15},"end":{"line":4,"column":27}},"2":{"start":{"line":7,"column":4},"end":{"line":7,"column":38}},"3":{"start":{"line":8,"column":20},"end":{"line":8,"column":39}},"4":{"start":{"line":9,"column":19},"end":{"line":14,"column":18}},"5":{"start":{"line":15,"column":4},"end":{"line":15,"column":18}},"6":{"start":{"line":6,"column":0},"end":{"line":6,"column":22}},"7":{"start":{"line":19,"column":4},"end":{"line":19,"column":38}},"8":{"start":{"line":20,"column":20},"end":{"line":20,"column":39}},"9":{"start":{"line":21,"column":19},"end":{"line":28,"column":18}},"10":{"start":{"line":29,"column":4},"end":{"line":29,"column":18}},"11":{"start":{"line":18,"column":0},"end":{"line":18,"column":22}},"12":{"start":{"line":33,"column":4},"end":{"line":33,"column":49}},"13":{"start":{"line":34,"column":20},"end":{"line":34,"column":39}},"14":{"start":{"line":35,"column":19},"end":{"line":44,"column":18}},"15":{"start":{"line":45,"column":4},"end":{"line":45,"column":18}},"16":{"start":{"line":32,"column":0},"end":{"line":32,"column":22}}},"fnMap":{"0":{"name":"createCustomer","decl":{"start":{"line":6,"column":22},"end":{"line":6,"column":36}},"loc":{"start":{"line":6,"column":56},"end":{"line":16,"column":null}}},"1":{"name":"getUserEmail","decl":{"start":{"line":18,"column":22},"end":{"line":18,"column":34}},"loc":{"start":{"line":18,"column":47},"end":{"line":30,"column":null}}},"2":{"name":"getUser","decl":{"start":{"line":32,"column":22},"end":{"line":32,"column":29}},"loc":{"start":{"line":32,"column":60},"end":{"line":46,"column":null}}}},"branchMap":{},"s":{"0":1,"1":1,"2":0,"3":0,"4":0,"5":0,"6":1,"7":0,"8":0,"9":0,"10":0,"11":1,"12":0,"13":0,"14":0,"15":0,"16":1},"f":{"0":0,"1":0,"2":0},"b":{}}
,"C:\\Users\\30051441\\eCommerce\\store\\src\\services\\storage\\storage.ts": {"path":"C:\\Users\\30051441\\eCommerce\\store\\src\\services\\storage\\storage.ts","statementMap":{"0":{"start":{"line":2,"column":19},"end":{"line":2,"column":39}},"1":{"start":{"line":3,"column":27},"end":{"line":3,"column":49}},"2":{"start":{"line":4,"column":4},"end":{"line":4,"column":46}},"3":{"start":{"line":1,"column":0},"end":{"line":1,"column":16}},"4":{"start":{"line":8,"column":27},"end":{"line":8,"column":52}},"5":{"start":{"line":9,"column":4},"end":{"line":11,"column":5}},"6":{"start":{"line":10,"column":8},"end":{"line":10,"column":25}},"7":{"start":{"line":12,"column":4},"end":{"line":12,"column":38}},"8":{"start":{"line":7,"column":0},"end":{"line":7,"column":16}}},"fnMap":{"0":{"name":"saveToStorage","decl":{"start":{"line":1,"column":16},"end":{"line":1,"column":29}},"loc":{"start":{"line":1,"column":74},"end":{"line":5,"column":1}}},"1":{"name":"loadFromStorage","decl":{"start":{"line":7,"column":16},"end":{"line":7,"column":31}},"loc":{"start":{"line":7,"column":43},"end":{"line":13,"column":1}}}},"branchMap":{"0":{"loc":{"start":{"line":1,"column":61},"end":{"line":1,"column":74}},"type":"default-arg","locations":[{"start":{"line":1,"column":70},"end":{"line":1,"column":74}}]},"1":{"loc":{"start":{"line":9,"column":4},"end":{"line":11,"column":5}},"type":"if","locations":[{"start":{"line":9,"column":4},"end":{"line":11,"column":5}}]}},"s":{"0":0,"1":0,"2":0,"3":1,"4":0,"5":0,"6":0,"7":0,"8":1},"f":{"0":0,"1":0},"b":{"0":[0],"1":[0]}}
}
